Determining if the function log exists failed with the following output:
Change Dir: /home/samad/Dropbox/samads_stuff/RPI_school_work_and_job_stuff/rpi_spring_2017/intro_to_open_source/labs/lab4/build/CMakeFiles/CMakeTmp

Run Build Command:"/usr/bin/make" "cmTC_7622a/fast"
/usr/bin/make -f CMakeFiles/cmTC_7622a.dir/build.make CMakeFiles/cmTC_7622a.dir/build
make[1]: Entering directory '/home/samad/Dropbox/samads_stuff/RPI_school_work_and_job_stuff/rpi_spring_2017/intro_to_open_source/labs/lab4/build/CMakeFiles/CMakeTmp'
Building C object CMakeFiles/cmTC_7622a.dir/CheckFunctionExists.c.o
/usr/bin/cc    -DCHECK_FUNCTION_EXISTS=log   -o CMakeFiles/cmTC_7622a.dir/CheckFunctionExists.c.o   -c /usr/local/share/cmake-3.7/Modules/CheckFunctionExists.c
<command-line>:0:23: warning: conflicting types for built-in function ‘log’
/usr/local/share/cmake-3.7/Modules/CheckFunctionExists.c:7:3: note: in expansion of macro ‘CHECK_FUNCTION_EXISTS’
   CHECK_FUNCTION_EXISTS();
   ^
Linking C executable cmTC_7622a
/usr/local/bin/cmake -E cmake_link_script CMakeFiles/cmTC_7622a.dir/link.txt --verbose=1
/usr/bin/cc   -DCHECK_FUNCTION_EXISTS=log    CMakeFiles/cmTC_7622a.dir/CheckFunctionExists.c.o  -o cmTC_7622a -rdynamic 
CMakeFiles/cmTC_7622a.dir/CheckFunctionExists.c.o: In function `main':
CheckFunctionExists.c:(.text+0x15): undefined reference to `log'
collect2: error: ld returned 1 exit status
CMakeFiles/cmTC_7622a.dir/build.make:97: recipe for target 'cmTC_7622a' failed
make[1]: *** [cmTC_7622a] Error 1
make[1]: Leaving directory '/home/samad/Dropbox/samads_stuff/RPI_school_work_and_job_stuff/rpi_spring_2017/intro_to_open_source/labs/lab4/build/CMakeFiles/CMakeTmp'
Makefile:126: recipe for target 'cmTC_7622a/fast' failed
make: *** [cmTC_7622a/fast] Error 2


Determining if the function exp exists failed with the following output:
Change Dir: /home/samad/Dropbox/samads_stuff/RPI_school_work_and_job_stuff/rpi_spring_2017/intro_to_open_source/labs/lab4/build/CMakeFiles/CMakeTmp

Run Build Command:"/usr/bin/make" "cmTC_86266/fast"
/usr/bin/make -f CMakeFiles/cmTC_86266.dir/build.make CMakeFiles/cmTC_86266.dir/build
make[1]: Entering directory '/home/samad/Dropbox/samads_stuff/RPI_school_work_and_job_stuff/rpi_spring_2017/intro_to_open_source/labs/lab4/build/CMakeFiles/CMakeTmp'
Building C object CMakeFiles/cmTC_86266.dir/CheckFunctionExists.c.o
/usr/bin/cc    -DCHECK_FUNCTION_EXISTS=exp   -o CMakeFiles/cmTC_86266.dir/CheckFunctionExists.c.o   -c /usr/local/share/cmake-3.7/Modules/CheckFunctionExists.c
<command-line>:0:23: warning: conflicting types for built-in function ‘exp’
/usr/local/share/cmake-3.7/Modules/CheckFunctionExists.c:7:3: note: in expansion of macro ‘CHECK_FUNCTION_EXISTS’
   CHECK_FUNCTION_EXISTS();
   ^
Linking C executable cmTC_86266
/usr/local/bin/cmake -E cmake_link_script CMakeFiles/cmTC_86266.dir/link.txt --verbose=1
/usr/bin/cc   -DCHECK_FUNCTION_EXISTS=exp    CMakeFiles/cmTC_86266.dir/CheckFunctionExists.c.o  -o cmTC_86266 -rdynamic 
CMakeFiles/cmTC_86266.dir/CheckFunctionExists.c.o: In function `main':
CheckFunctionExists.c:(.text+0x15): undefined reference to `exp'
collect2: error: ld returned 1 exit status
CMakeFiles/cmTC_86266.dir/build.make:97: recipe for target 'cmTC_86266' failed
make[1]: *** [cmTC_86266] Error 1
make[1]: Leaving directory '/home/samad/Dropbox/samads_stuff/RPI_school_work_and_job_stuff/rpi_spring_2017/intro_to_open_source/labs/lab4/build/CMakeFiles/CMakeTmp'
Makefile:126: recipe for target 'cmTC_86266/fast' failed
make: *** [cmTC_86266/fast] Error 2


